MYERROR - 24-03-2021 11:49:12 --> hii {id} this is custome info
MYERROR - 24-03-2021 11:49:44 --> hii this is custome info
ERROR - 24-03-2021 17:08:22 --> mysqli_sql_exception: Operand should contain 1 column(s) in /var/www/html/akash/cipractical/vendor/codeigniter4/framework/system/Database/MySQLi/Connection.php:314
Stack trace:
#0 /var/www/html/akash/cipractical/vendor/codeigniter4/framework/system/Database/MySQLi/Connection.php(314): mysqli->query()
#1 /var/www/html/akash/cipractical/vendor/codeigniter4/framework/system/Database/BaseConnection.php(713): CodeIgniter\Database\MySQLi\Connection->execute()
#2 /var/www/html/akash/cipractical/vendor/codeigniter4/framework/system/Database/BaseConnection.php(641): CodeIgniter\Database\BaseConnection->simpleQuery()
#3 /var/www/html/akash/cipractical/vendor/codeigniter4/framework/system/Database/BaseBuilder.php(1966): CodeIgniter\Database\BaseConnection->query()
#4 /var/www/html/akash/cipractical/vendor/codeigniter4/framework/system/Model.php(570): CodeIgniter\Database\BaseBuilder->countAllResults()
#5 /var/www/html/akash/cipractical/vendor/codeigniter4/framework/system/BaseModel.php(1140): CodeIgniter\Model->countAllResults()
#6 /var/www/html/akash/cipractical/app/Models/Candidate.php(30): CodeIgniter\BaseModel->paginate()
#7 /var/www/html/akash/cipractical/app/Controllers/Candidate.php(99): App\Models\Candidate->show()
#8 /var/www/html/akash/cipractical/vendor/codeigniter4/framework/system/CodeIgniter.php(936): App\Controllers\Candidate->edit()
#9 /var/www/html/akash/cipractical/vendor/codeigniter4/framework/system/CodeIgniter.php(432): CodeIgniter\CodeIgniter->runController()
#10 /var/www/html/akash/cipractical/vendor/codeigniter4/framework/system/CodeIgniter.php(333): CodeIgniter\CodeIgniter->handleRequest()
#11 /var/www/html/akash/cipractical/public/index.php(44): CodeIgniter\CodeIgniter->run()
#12 /var/www/html/akash/cipractical/vendor/codeigniter4/framework/system/Commands/Server/rewrite.php(45): require_once('/var/www/html/a...')
#13 {main}
ERROR - 24-03-2021 18:55:27 --> mysqli_sql_exception: Unknown column 'last_login' in 'order clause' in /var/www/html/akash/cipractical/vendor/codeigniter4/framework/system/Database/MySQLi/Connection.php:314
Stack trace:
#0 /var/www/html/akash/cipractical/vendor/codeigniter4/framework/system/Database/MySQLi/Connection.php(314): mysqli->query()
#1 /var/www/html/akash/cipractical/vendor/codeigniter4/framework/system/Database/BaseConnection.php(713): CodeIgniter\Database\MySQLi\Connection->execute()
#2 /var/www/html/akash/cipractical/vendor/codeigniter4/framework/system/Database/BaseConnection.php(641): CodeIgniter\Database\BaseConnection->simpleQuery()
#3 /var/www/html/akash/cipractical/vendor/codeigniter4/framework/system/Database/BaseBuilder.php(1866): CodeIgniter\Database\BaseConnection->query()
#4 /var/www/html/akash/cipractical/vendor/codeigniter4/framework/system/Model.php(213): CodeIgniter\Database\BaseBuilder->get()
#5 /var/www/html/akash/cipractical/vendor/codeigniter4/framework/system/BaseModel.php(583): CodeIgniter\Model->doFindAll()
#6 /var/www/html/akash/cipractical/app/Controllers/UserApi.php(18): CodeIgniter\BaseModel->findAll()
#7 /var/www/html/akash/cipractical/vendor/codeigniter4/framework/system/CodeIgniter.php(936): App\Controllers\UserApi->index()
#8 /var/www/html/akash/cipractical/vendor/codeigniter4/framework/system/CodeIgniter.php(432): CodeIgniter\CodeIgniter->runController()
#9 /var/www/html/akash/cipractical/vendor/codeigniter4/framework/system/CodeIgniter.php(333): CodeIgniter\CodeIgniter->handleRequest()
#10 /var/www/html/akash/cipractical/public/index.php(44): CodeIgniter\CodeIgniter->run()
#11 /var/www/html/akash/cipractical/vendor/codeigniter4/framework/system/Commands/Server/rewrite.php(45): require_once('/var/www/html/a...')
#12 {main}
