ERROR - 27-03-2021 13:44:48 --> mysqli_sql_exception: Cannot add or update a child row: a foreign key constraint fails (`akashp_core`.`candidate`, CONSTRAINT `candidate_ibfk_1` FOREIGN KEY (`userid`) REFERENCES `user` (`id`)) in /var/www/html/akash/cipractical/vendor/codeigniter4/framework/system/Database/MySQLi/Connection.php:314
Stack trace:
#0 /var/www/html/akash/cipractical/vendor/codeigniter4/framework/system/Database/MySQLi/Connection.php(314): mysqli->query()
#1 /var/www/html/akash/cipractical/vendor/codeigniter4/framework/system/Database/BaseConnection.php(713): CodeIgniter\Database\MySQLi\Connection->execute()
#2 /var/www/html/akash/cipractical/vendor/codeigniter4/framework/system/Database/BaseConnection.php(641): CodeIgniter\Database\BaseConnection->simpleQuery()
#3 /var/www/html/akash/cipractical/vendor/codeigniter4/framework/system/Database/BaseBuilder.php(2263): CodeIgniter\Database\BaseConnection->query()
#4 /var/www/html/akash/cipractical/vendor/codeigniter4/framework/system/Model.php(278): CodeIgniter\Database\BaseBuilder->insert()
#5 /var/www/html/akash/cipractical/vendor/codeigniter4/framework/system/BaseModel.php(758): CodeIgniter\Model->doInsert()
#6 /var/www/html/akash/cipractical/vendor/codeigniter4/framework/system/Model.php(705): CodeIgniter\BaseModel->insert()
#7 /var/www/html/akash/cipractical/app/Models/Candidate.php(56): CodeIgniter\Model->insert()
#8 /var/www/html/akash/cipractical/app/Controllers/Candidate.php(79): App\Models\Candidate->create()
#9 /var/www/html/akash/cipractical/vendor/codeigniter4/framework/system/CodeIgniter.php(936): App\Controllers\Candidate->add()
#10 /var/www/html/akash/cipractical/vendor/codeigniter4/framework/system/CodeIgniter.php(432): CodeIgniter\CodeIgniter->runController()
#11 /var/www/html/akash/cipractical/vendor/codeigniter4/framework/system/CodeIgniter.php(333): CodeIgniter\CodeIgniter->handleRequest()
#12 /var/www/html/akash/cipractical/public/index.php(44): CodeIgniter\CodeIgniter->run()
#13 /var/www/html/akash/cipractical/vendor/codeigniter4/framework/system/Commands/Server/rewrite.php(45): require_once('/var/www/html/a...')
#14 {main}
ERROR - 27-03-2021 16:11:28 --> mysqli_sql_exception: Cannot add or update a child row: a foreign key constraint fails (`akashp_core`.`candidate`, CONSTRAINT `candidate_ibfk_1` FOREIGN KEY (`userid`) REFERENCES `user` (`id`)) in /var/www/html/akash/cipractical/vendor/codeigniter4/framework/system/Database/MySQLi/Connection.php:314
Stack trace:
#0 /var/www/html/akash/cipractical/vendor/codeigniter4/framework/system/Database/MySQLi/Connection.php(314): mysqli->query()
#1 /var/www/html/akash/cipractical/vendor/codeigniter4/framework/system/Database/BaseConnection.php(713): CodeIgniter\Database\MySQLi\Connection->execute()
#2 /var/www/html/akash/cipractical/vendor/codeigniter4/framework/system/Database/BaseConnection.php(641): CodeIgniter\Database\BaseConnection->simpleQuery()
#3 /var/www/html/akash/cipractical/vendor/codeigniter4/framework/system/Database/BaseBuilder.php(2263): CodeIgniter\Database\BaseConnection->query()
#4 /var/www/html/akash/cipractical/vendor/codeigniter4/framework/system/Model.php(278): CodeIgniter\Database\BaseBuilder->insert()
#5 /var/www/html/akash/cipractical/vendor/codeigniter4/framework/system/BaseModel.php(758): CodeIgniter\Model->doInsert()
#6 /var/www/html/akash/cipractical/vendor/codeigniter4/framework/system/Model.php(705): CodeIgniter\BaseModel->insert()
#7 /var/www/html/akash/cipractical/app/Models/Candidate.php(56): CodeIgniter\Model->insert()
#8 /var/www/html/akash/cipractical/app/Controllers/Candidate.php(79): App\Models\Candidate->create()
#9 /var/www/html/akash/cipractical/vendor/codeigniter4/framework/system/CodeIgniter.php(936): App\Controllers\Candidate->add()
#10 /var/www/html/akash/cipractical/vendor/codeigniter4/framework/system/CodeIgniter.php(432): CodeIgniter\CodeIgniter->runController()
#11 /var/www/html/akash/cipractical/vendor/codeigniter4/framework/system/CodeIgniter.php(333): CodeIgniter\CodeIgniter->handleRequest()
#12 /var/www/html/akash/cipractical/public/index.php(44): CodeIgniter\CodeIgniter->run()
#13 /var/www/html/akash/cipractical/vendor/codeigniter4/framework/system/Commands/Server/rewrite.php(45): require_once('/var/www/html/a...')
#14 {main}
ERROR - 27-03-2021 16:13:39 --> mysqli_sql_exception: Cannot add or update a child row: a foreign key constraint fails (`akashp_core`.`candidate`, CONSTRAINT `candidate_ibfk_1` FOREIGN KEY (`userid`) REFERENCES `user` (`id`)) in /var/www/html/akash/cipractical/vendor/codeigniter4/framework/system/Database/MySQLi/Connection.php:314
Stack trace:
#0 /var/www/html/akash/cipractical/vendor/codeigniter4/framework/system/Database/MySQLi/Connection.php(314): mysqli->query()
#1 /var/www/html/akash/cipractical/vendor/codeigniter4/framework/system/Database/BaseConnection.php(713): CodeIgniter\Database\MySQLi\Connection->execute()
#2 /var/www/html/akash/cipractical/vendor/codeigniter4/framework/system/Database/BaseConnection.php(641): CodeIgniter\Database\BaseConnection->simpleQuery()
#3 /var/www/html/akash/cipractical/vendor/codeigniter4/framework/system/Database/BaseBuilder.php(2263): CodeIgniter\Database\BaseConnection->query()
#4 /var/www/html/akash/cipractical/vendor/codeigniter4/framework/system/Model.php(278): CodeIgniter\Database\BaseBuilder->insert()
#5 /var/www/html/akash/cipractical/vendor/codeigniter4/framework/system/BaseModel.php(758): CodeIgniter\Model->doInsert()
#6 /var/www/html/akash/cipractical/vendor/codeigniter4/framework/system/Model.php(705): CodeIgniter\BaseModel->insert()
#7 /var/www/html/akash/cipractical/app/Models/Candidate.php(56): CodeIgniter\Model->insert()
#8 /var/www/html/akash/cipractical/app/Controllers/Candidate.php(79): App\Models\Candidate->create()
#9 /var/www/html/akash/cipractical/vendor/codeigniter4/framework/system/CodeIgniter.php(936): App\Controllers\Candidate->add()
#10 /var/www/html/akash/cipractical/vendor/codeigniter4/framework/system/CodeIgniter.php(432): CodeIgniter\CodeIgniter->runController()
#11 /var/www/html/akash/cipractical/vendor/codeigniter4/framework/system/CodeIgniter.php(333): CodeIgniter\CodeIgniter->handleRequest()
#12 /var/www/html/akash/cipractical/public/index.php(44): CodeIgniter\CodeIgniter->run()
#13 /var/www/html/akash/cipractical/vendor/codeigniter4/framework/system/Commands/Server/rewrite.php(45): require_once('/var/www/html/a...')
#14 {main}
