ERROR - 25-03-2021 18:00:07 --> mysqli_sql_exception: Table 'akashp_core.candidate' doesn't exist in /var/www/html/akash/cipractical/vendor/codeigniter4/framework/system/Database/MySQLi/Connection.php:314
Stack trace:
#0 /var/www/html/akash/cipractical/vendor/codeigniter4/framework/system/Database/MySQLi/Connection.php(314): mysqli->query()
#1 /var/www/html/akash/cipractical/vendor/codeigniter4/framework/system/Database/BaseConnection.php(713): CodeIgniter\Database\MySQLi\Connection->execute()
#2 /var/www/html/akash/cipractical/vendor/codeigniter4/framework/system/Database/BaseConnection.php(641): CodeIgniter\Database\BaseConnection->simpleQuery()
#3 /var/www/html/akash/cipractical/vendor/codeigniter4/framework/system/Database/BaseBuilder.php(2263): CodeIgniter\Database\BaseConnection->query()
#4 /var/www/html/akash/cipractical/vendor/codeigniter4/framework/system/Model.php(278): CodeIgniter\Database\BaseBuilder->insert()
#5 /var/www/html/akash/cipractical/vendor/codeigniter4/framework/system/BaseModel.php(758): CodeIgniter\Model->doInsert()
#6 /var/www/html/akash/cipractical/vendor/codeigniter4/framework/system/Model.php(705): CodeIgniter\BaseModel->insert()
#7 /var/www/html/akash/cipractical/app/Models/Candidate.php(56): CodeIgniter\Model->insert()
#8 /var/www/html/akash/cipractical/app/Database/Migrations/2021-03-25-121154_Candidate.php(49): App\Models\Candidate->create()
#9 /var/www/html/akash/cipractical/vendor/codeigniter4/framework/system/Database/MigrationRunner.php(1057): App\Database\Migrations\Candidate->up()
#10 /var/www/html/akash/cipractical/vendor/codeigniter4/framework/system/Database/MigrationRunner.php(202): CodeIgniter\Database\MigrationRunner->migrate()
#11 /var/www/html/akash/cipractical/vendor/codeigniter4/framework/system/Commands/Database/Migrate.php(94): CodeIgniter\Database\MigrationRunner->latest()
#12 /var/www/html/akash/cipractical/vendor/codeigniter4/framework/system/CLI/Commands.php(70): CodeIgniter\Commands\Database\Migrate->run()
#13 /var/www/html/akash/cipractical/vendor/codeigniter4/framework/system/CLI/BaseCommand.php(118): CodeIgniter\CLI\Commands->run()
#14 /var/www/html/akash/cipractical/vendor/codeigniter4/framework/system/Commands/Database/MigrateRefresh.php(91): CodeIgniter\CLI\BaseCommand->call()
#15 /var/www/html/akash/cipractical/vendor/codeigniter4/framework/system/CLI/Commands.php(70): CodeIgniter\Commands\Database\MigrateRefresh->run()
#16 /var/www/html/akash/cipractical/vendor/codeigniter4/framework/system/CLI/CommandRunner.php(80): CodeIgniter\CLI\Commands->run()
#17 /var/www/html/akash/cipractical/vendor/codeigniter4/framework/system/CLI/CommandRunner.php(58): CodeIgniter\CLI\CommandRunner->index()
#18 /var/www/html/akash/cipractical/vendor/codeigniter4/framework/system/CodeIgniter.php(932): CodeIgniter\CLI\CommandRunner->_remap()
#19 /var/www/html/akash/cipractical/vendor/codeigniter4/framework/system/CodeIgniter.php(432): CodeIgniter\CodeIgniter->runController()
#20 /var/www/html/akash/cipractical/vendor/codeigniter4/framework/system/CodeIgniter.php(333): CodeIgniter\CodeIgniter->handleRequest()
#21 /var/www/html/akash/cipractical/vendor/codeigniter4/framework/system/CLI/Console.php(61): CodeIgniter\CodeIgniter->run()
#22 /var/www/html/akash/cipractical/spark(66): CodeIgniter\CLI\Console->run()
#23 {main}
ERROR - 25-03-2021 18:02:17 --> mysqli_sql_exception: Table 'akashp_core.candidate' doesn't exist in /var/www/html/akash/cipractical/vendor/codeigniter4/framework/system/Database/MySQLi/Connection.php:314
Stack trace:
#0 /var/www/html/akash/cipractical/vendor/codeigniter4/framework/system/Database/MySQLi/Connection.php(314): mysqli->query()
#1 /var/www/html/akash/cipractical/vendor/codeigniter4/framework/system/Database/BaseConnection.php(713): CodeIgniter\Database\MySQLi\Connection->execute()
#2 /var/www/html/akash/cipractical/vendor/codeigniter4/framework/system/Database/BaseConnection.php(641): CodeIgniter\Database\BaseConnection->simpleQuery()
#3 /var/www/html/akash/cipractical/vendor/codeigniter4/framework/system/Database/BaseBuilder.php(2263): CodeIgniter\Database\BaseConnection->query()
#4 /var/www/html/akash/cipractical/vendor/codeigniter4/framework/system/Model.php(278): CodeIgniter\Database\BaseBuilder->insert()
#5 /var/www/html/akash/cipractical/vendor/codeigniter4/framework/system/BaseModel.php(758): CodeIgniter\Model->doInsert()
#6 /var/www/html/akash/cipractical/vendor/codeigniter4/framework/system/Model.php(705): CodeIgniter\BaseModel->insert()
#7 /var/www/html/akash/cipractical/app/Models/Candidate.php(56): CodeIgniter\Model->insert()
#8 /var/www/html/akash/cipractical/app/Database/Migrations/2021-03-25-121154_Candidate.php(51): App\Models\Candidate->create()
#9 /var/www/html/akash/cipractical/vendor/codeigniter4/framework/system/Database/MigrationRunner.php(1057): App\Database\Migrations\Candidate->up()
#10 /var/www/html/akash/cipractical/vendor/codeigniter4/framework/system/Database/MigrationRunner.php(202): CodeIgniter\Database\MigrationRunner->migrate()
#11 /var/www/html/akash/cipractical/vendor/codeigniter4/framework/system/Commands/Database/Migrate.php(94): CodeIgniter\Database\MigrationRunner->latest()
#12 /var/www/html/akash/cipractical/vendor/codeigniter4/framework/system/CLI/Commands.php(70): CodeIgniter\Commands\Database\Migrate->run()
#13 /var/www/html/akash/cipractical/vendor/codeigniter4/framework/system/CLI/BaseCommand.php(118): CodeIgniter\CLI\Commands->run()
#14 /var/www/html/akash/cipractical/vendor/codeigniter4/framework/system/Commands/Database/MigrateRefresh.php(91): CodeIgniter\CLI\BaseCommand->call()
#15 /var/www/html/akash/cipractical/vendor/codeigniter4/framework/system/CLI/Commands.php(70): CodeIgniter\Commands\Database\MigrateRefresh->run()
#16 /var/www/html/akash/cipractical/vendor/codeigniter4/framework/system/CLI/CommandRunner.php(80): CodeIgniter\CLI\Commands->run()
#17 /var/www/html/akash/cipractical/vendor/codeigniter4/framework/system/CLI/CommandRunner.php(58): CodeIgniter\CLI\CommandRunner->index()
#18 /var/www/html/akash/cipractical/vendor/codeigniter4/framework/system/CodeIgniter.php(932): CodeIgniter\CLI\CommandRunner->_remap()
#19 /var/www/html/akash/cipractical/vendor/codeigniter4/framework/system/CodeIgniter.php(432): CodeIgniter\CodeIgniter->runController()
#20 /var/www/html/akash/cipractical/vendor/codeigniter4/framework/system/CodeIgniter.php(333): CodeIgniter\CodeIgniter->handleRequest()
#21 /var/www/html/akash/cipractical/vendor/codeigniter4/framework/system/CLI/Console.php(61): CodeIgniter\CodeIgniter->run()
#22 /var/www/html/akash/cipractical/spark(66): CodeIgniter\CLI\Console->run()
#23 {main}
ERROR - 25-03-2021 18:02:26 --> mysqli_sql_exception: Table 'akashp_core.candidate' doesn't exist in /var/www/html/akash/cipractical/vendor/codeigniter4/framework/system/Database/MySQLi/Connection.php:314
Stack trace:
#0 /var/www/html/akash/cipractical/vendor/codeigniter4/framework/system/Database/MySQLi/Connection.php(314): mysqli->query()
#1 /var/www/html/akash/cipractical/vendor/codeigniter4/framework/system/Database/BaseConnection.php(713): CodeIgniter\Database\MySQLi\Connection->execute()
#2 /var/www/html/akash/cipractical/vendor/codeigniter4/framework/system/Database/BaseConnection.php(641): CodeIgniter\Database\BaseConnection->simpleQuery()
#3 /var/www/html/akash/cipractical/vendor/codeigniter4/framework/system/Database/BaseBuilder.php(2263): CodeIgniter\Database\BaseConnection->query()
#4 /var/www/html/akash/cipractical/vendor/codeigniter4/framework/system/Model.php(278): CodeIgniter\Database\BaseBuilder->insert()
#5 /var/www/html/akash/cipractical/vendor/codeigniter4/framework/system/BaseModel.php(758): CodeIgniter\Model->doInsert()
#6 /var/www/html/akash/cipractical/vendor/codeigniter4/framework/system/Model.php(705): CodeIgniter\BaseModel->insert()
#7 /var/www/html/akash/cipractical/app/Models/Candidate.php(56): CodeIgniter\Model->insert()
#8 /var/www/html/akash/cipractical/app/Database/Migrations/2021-03-25-121154_Candidate.php(51): App\Models\Candidate->create()
#9 /var/www/html/akash/cipractical/vendor/codeigniter4/framework/system/Database/MigrationRunner.php(1057): App\Database\Migrations\Candidate->up()
#10 /var/www/html/akash/cipractical/vendor/codeigniter4/framework/system/Database/MigrationRunner.php(202): CodeIgniter\Database\MigrationRunner->migrate()
#11 /var/www/html/akash/cipractical/vendor/codeigniter4/framework/system/Commands/Database/Migrate.php(94): CodeIgniter\Database\MigrationRunner->latest()
#12 /var/www/html/akash/cipractical/vendor/codeigniter4/framework/system/CLI/Commands.php(70): CodeIgniter\Commands\Database\Migrate->run()
#13 /var/www/html/akash/cipractical/vendor/codeigniter4/framework/system/CLI/BaseCommand.php(118): CodeIgniter\CLI\Commands->run()
#14 /var/www/html/akash/cipractical/vendor/codeigniter4/framework/system/Commands/Database/MigrateRefresh.php(91): CodeIgniter\CLI\BaseCommand->call()
#15 /var/www/html/akash/cipractical/vendor/codeigniter4/framework/system/CLI/Commands.php(70): CodeIgniter\Commands\Database\MigrateRefresh->run()
#16 /var/www/html/akash/cipractical/vendor/codeigniter4/framework/system/CLI/CommandRunner.php(80): CodeIgniter\CLI\Commands->run()
#17 /var/www/html/akash/cipractical/vendor/codeigniter4/framework/system/CLI/CommandRunner.php(58): CodeIgniter\CLI\CommandRunner->index()
#18 /var/www/html/akash/cipractical/vendor/codeigniter4/framework/system/CodeIgniter.php(932): CodeIgniter\CLI\CommandRunner->_remap()
#19 /var/www/html/akash/cipractical/vendor/codeigniter4/framework/system/CodeIgniter.php(432): CodeIgniter\CodeIgniter->runController()
#20 /var/www/html/akash/cipractical/vendor/codeigniter4/framework/system/CodeIgniter.php(333): CodeIgniter\CodeIgniter->handleRequest()
#21 /var/www/html/akash/cipractical/vendor/codeigniter4/framework/system/CLI/Console.php(61): CodeIgniter\CodeIgniter->run()
#22 /var/www/html/akash/cipractical/spark(66): CodeIgniter\CLI\Console->run()
#23 {main}
